

================================================================
== Vitis HLS Report for 'fft'
================================================================
* Date:           Fri Dec 13 17:01:15 2024

* Version:        2022.2 (Build 3670227 on Oct 13 2022)
* Project:        hls_ofdm_rx
* Solution:       solution1 (Vivado IP Flow Target)
* Product family: zynq
* Target device:  xc7z020-clg400-1


================================================================
== Performance Estimates
================================================================
+ Timing: 
    * Summary: 
    +--------+----------+----------+------------+
    |  Clock |  Target  | Estimated| Uncertainty|
    +--------+----------+----------+------------+
    |ap_clk  |  10.00 ns|  7.256 ns|     2.70 ns|
    +--------+----------+----------+------------+

+ Latency: 
    * Summary: 
    +---------+---------+-----------+-----------+------+------+---------+
    |  Latency (cycles) |   Latency (absolute)  |   Interval  | Pipeline|
    |   min   |   max   |    min    |    max    |  min |  max |   Type  |
    +---------+---------+-----------+-----------+------+------+---------+
    |     7887|     7887|  78.870 us|  78.870 us|  7887|  7887|       no|
    +---------+---------+-----------+-----------+------+------+---------+

    + Detail: 
        * Instance: 
        +-------------------------------------------+--------------------------------+---------+---------+-----------+-----------+------+------+---------+
        |                                           |                                |  Latency (cycles) |   Latency (absolute)  |   Interval  | Pipeline|
        |                  Instance                 |             Module             |   min   |   max   |    min    |    max    |  min |  max |   Type  |
        +-------------------------------------------+--------------------------------+---------+---------+-----------+-----------+------+------+---------+
        |grp_fft_Pipeline_1_fu_226                  |fft_Pipeline_1                  |     1026|     1026|  10.260 us|  10.260 us|  1026|  1026|       no|
        |grp_fft_Pipeline_2_fu_236                  |fft_Pipeline_2                  |     1026|     1026|  10.260 us|  10.260 us|  1026|  1026|       no|
        |grp_fft_Pipeline_Reverse_Operation_fu_246  |fft_Pipeline_Reverse_Operation  |      516|      516|   5.160 us|   5.160 us|   516|   516|       no|
        |grp_fft_stage_first_fu_259                 |fft_stage_first                 |      524|      524|   5.240 us|   5.240 us|   524|   524|       no|
        |grp_fft_Pipeline_Stage_loop_2_fu_270       |fft_Pipeline_Stage_loop_2       |      530|      530|   5.300 us|   5.300 us|   530|   530|       no|
        |grp_fft_Pipeline_Stage_loop_3_fu_285       |fft_Pipeline_Stage_loop_3       |      530|      530|   5.300 us|   5.300 us|   530|   530|       no|
        |grp_fft_Pipeline_Stage_loop_4_fu_300       |fft_Pipeline_Stage_loop_4       |      530|      530|   5.300 us|   5.300 us|   530|   530|       no|
        |grp_fft_Pipeline_Stage_loop_5_fu_315       |fft_Pipeline_Stage_loop_5       |      530|      530|   5.300 us|   5.300 us|   530|   530|       no|
        |grp_fft_Pipeline_Stage_loop_6_fu_330       |fft_Pipeline_Stage_loop_6       |      530|      530|   5.300 us|   5.300 us|   530|   530|       no|
        |grp_fft_Pipeline_Stage_loop_7_fu_346       |fft_Pipeline_Stage_loop_7       |      530|      530|   5.300 us|   5.300 us|   530|   530|       no|
        |grp_fft_Pipeline_Stage_loop_8_fu_362       |fft_Pipeline_Stage_loop_8       |      530|      530|   5.300 us|   5.300 us|   530|   530|       no|
        |grp_fft_Pipeline_Stage_loop_9_fu_378       |fft_Pipeline_Stage_loop_9       |      530|      530|   5.300 us|   5.300 us|   530|   530|       no|
        |grp_fft_Pipeline_last_stage_loop_fu_394    |fft_Pipeline_last_stage_loop    |      529|      529|   5.290 us|   5.290 us|   529|   529|       no|
        |grp_fft_Pipeline_13_fu_410                 |fft_Pipeline_13                 |     1027|     1027|  10.270 us|  10.270 us|  1027|  1027|       no|
        |grp_fft_Pipeline_14_fu_418                 |fft_Pipeline_14                 |     1027|     1027|  10.270 us|  10.270 us|  1027|  1027|       no|
        +-------------------------------------------+--------------------------------+---------+---------+-----------+-----------+------+------+---------+

        * Loop: 
        N/A



================================================================
== Utilization Estimates
================================================================
* Summary: 
+-----------------+---------+-----+--------+-------+-----+
|       Name      | BRAM_18K| DSP |   FF   |  LUT  | URAM|
+-----------------+---------+-----+--------+-------+-----+
|DSP              |        -|    -|       -|      -|    -|
|Expression       |        -|    -|       0|      4|    -|
|FIFO             |        -|    -|       -|      -|    -|
|Instance         |        1|   24|   12070|   8104|    -|
|Memory           |       90|    -|       0|      0|    0|
|Multiplexer      |        -|    -|       -|   4879|    -|
|Register         |        -|    -|      41|      -|    -|
+-----------------+---------+-----+--------+-------+-----+
|Total            |       91|   24|   12111|  12987|    0|
+-----------------+---------+-----+--------+-------+-----+
|Available        |      280|  220|  106400|  53200|    0|
+-----------------+---------+-----+--------+-------+-----+
|Utilization (%)  |       32|   10|      11|     24|    0|
+-----------------+---------+-----+--------+-------+-----+

+ Detail: 
    * Instance: 
    +-------------------------------------------+--------------------------------+---------+----+------+------+-----+
    |                  Instance                 |             Module             | BRAM_18K| DSP|  FF  |  LUT | URAM|
    +-------------------------------------------+--------------------------------+---------+----+------+------+-----+
    |fadd_32ns_32ns_32_5_full_dsp_1_U249        |fadd_32ns_32ns_32_5_full_dsp_1  |        0|   2|   205|   390|    0|
    |fadd_32ns_32ns_32_5_full_dsp_1_U252        |fadd_32ns_32ns_32_5_full_dsp_1  |        0|   2|   205|   390|    0|
    |fadd_32ns_32ns_32_5_full_dsp_1_U253        |fadd_32ns_32ns_32_5_full_dsp_1  |        0|   2|   205|   390|    0|
    |grp_fft_Pipeline_1_fu_226                  |fft_Pipeline_1                  |        0|   0|    24|    62|    0|
    |grp_fft_Pipeline_13_fu_410                 |fft_Pipeline_13                 |        0|   0|    70|    71|    0|
    |grp_fft_Pipeline_14_fu_418                 |fft_Pipeline_14                 |        0|   0|    70|    71|    0|
    |grp_fft_Pipeline_2_fu_236                  |fft_Pipeline_2                  |        0|   0|    24|    62|    0|
    |grp_fft_Pipeline_Reverse_Operation_fu_246  |fft_Pipeline_Reverse_Operation  |        1|   0|   369|   192|    0|
    |grp_fft_Pipeline_Stage_loop_2_fu_270       |fft_Pipeline_Stage_loop_2       |        0|   0|  1167|   386|    0|
    |grp_fft_Pipeline_Stage_loop_3_fu_285       |fft_Pipeline_Stage_loop_3       |        0|   0|   979|   272|    0|
    |grp_fft_Pipeline_Stage_loop_4_fu_300       |fft_Pipeline_Stage_loop_4       |        0|   0|  1167|   386|    0|
    |grp_fft_Pipeline_Stage_loop_5_fu_315       |fft_Pipeline_Stage_loop_5       |        0|   0|   979|   272|    0|
    |grp_fft_Pipeline_Stage_loop_6_fu_330       |fft_Pipeline_Stage_loop_6       |        0|   0|   905|   258|    0|
    |grp_fft_Pipeline_Stage_loop_7_fu_346       |fft_Pipeline_Stage_loop_7       |        0|   0|   905|   258|    0|
    |grp_fft_Pipeline_Stage_loop_8_fu_362       |fft_Pipeline_Stage_loop_8       |        0|   0|   905|   258|    0|
    |grp_fft_Pipeline_Stage_loop_9_fu_378       |fft_Pipeline_Stage_loop_9       |        0|   0|   905|   258|    0|
    |grp_fft_Pipeline_last_stage_loop_fu_394    |fft_Pipeline_last_stage_loop    |        0|   0|   836|   226|    0|
    |grp_fft_stage_first_fu_259                 |fft_stage_first                 |        0|   0|   963|  1448|    0|
    |fmul_32ns_32ns_32_4_max_dsp_1_U254         |fmul_32ns_32ns_32_4_max_dsp_1   |        0|   3|   143|   321|    0|
    |fmul_32ns_32ns_32_4_max_dsp_1_U255         |fmul_32ns_32ns_32_4_max_dsp_1   |        0|   3|   143|   321|    0|
    |fmul_32ns_32ns_32_4_max_dsp_1_U256         |fmul_32ns_32ns_32_4_max_dsp_1   |        0|   3|   143|   321|    0|
    |fmul_32ns_32ns_32_4_max_dsp_1_U257         |fmul_32ns_32ns_32_4_max_dsp_1   |        0|   3|   143|   321|    0|
    |fsub_32ns_32ns_32_5_full_dsp_1_U248        |fsub_32ns_32ns_32_5_full_dsp_1  |        0|   2|   205|   390|    0|
    |fsub_32ns_32ns_32_5_full_dsp_1_U250        |fsub_32ns_32ns_32_5_full_dsp_1  |        0|   2|   205|   390|    0|
    |fsub_32ns_32ns_32_5_full_dsp_1_U251        |fsub_32ns_32ns_32_5_full_dsp_1  |        0|   2|   205|   390|    0|
    +-------------------------------------------+--------------------------------+---------+----+------+------+-----+
    |Total                                      |                                |        1|  24| 12070|  8104|    0|
    +-------------------------------------------+--------------------------------+---------+----+------+------+-----+

    * DSP: 
    N/A

    * Memory: 
    +--------------+----------------------------+---------+---+----+-----+------+-----+------+-------------+
    |    Memory    |           Module           | BRAM_18K| FF| LUT| URAM| Words| Bits| Banks| W*Bits*Banks|
    +--------------+----------------------------+---------+---+----+-----+------+-----+------+-------------+
    |Stage0_I_U    |fft_Stage0_I_RAM_AUTO_1R1W  |        2|  0|   0|    0|  1024|   32|     1|        32768|
    |Stage2_R_U    |fft_Stage0_I_RAM_AUTO_1R1W  |        2|  0|   0|    0|  1024|   32|     1|        32768|
    |Stage4_R_U    |fft_Stage0_I_RAM_AUTO_1R1W  |        2|  0|   0|    0|  1024|   32|     1|        32768|
    |Stage0_R_U    |fft_Stage0_R_RAM_AUTO_1R1W  |        1|  0|   0|    0|   512|   32|     1|        16384|
    |Stage0_R_1_U  |fft_Stage0_R_RAM_AUTO_1R1W  |        1|  0|   0|    0|   512|   32|     1|        16384|
    |Stage2_I_U    |fft_Stage2_I_RAM_AUTO_1R1W  |        2|  0|   0|    0|   512|   32|     1|        16384|
    |Stage2_I_1_U  |fft_Stage2_I_RAM_AUTO_1R1W  |        2|  0|   0|    0|   512|   32|     1|        16384|
    |Stage3_R_U    |fft_Stage2_I_RAM_AUTO_1R1W  |        2|  0|   0|    0|   512|   32|     1|        16384|
    |Stage3_R_1_U  |fft_Stage2_I_RAM_AUTO_1R1W  |        2|  0|   0|    0|   512|   32|     1|        16384|
    |Stage3_I_U    |fft_Stage2_I_RAM_AUTO_1R1W  |        2|  0|   0|    0|   512|   32|     1|        16384|
    |Stage3_I_1_U  |fft_Stage2_I_RAM_AUTO_1R1W  |        2|  0|   0|    0|   512|   32|     1|        16384|
    |Stage4_I_U    |fft_Stage2_I_RAM_AUTO_1R1W  |        2|  0|   0|    0|   512|   32|     1|        16384|
    |Stage4_I_1_U  |fft_Stage2_I_RAM_AUTO_1R1W  |        2|  0|   0|    0|   512|   32|     1|        16384|
    |Stage5_R_U    |fft_Stage2_I_RAM_AUTO_1R1W  |        2|  0|   0|    0|   512|   32|     1|        16384|
    |Stage5_R_1_U  |fft_Stage2_I_RAM_AUTO_1R1W  |        2|  0|   0|    0|   512|   32|     1|        16384|
    |Stage5_I_U    |fft_Stage2_I_RAM_AUTO_1R1W  |        2|  0|   0|    0|   512|   32|     1|        16384|
    |Stage5_I_1_U  |fft_Stage2_I_RAM_AUTO_1R1W  |        2|  0|   0|    0|   512|   32|     1|        16384|
    |Stage6_R_U    |fft_Stage2_I_RAM_AUTO_1R1W  |        2|  0|   0|    0|   512|   32|     1|        16384|
    |Stage6_R_1_U  |fft_Stage2_I_RAM_AUTO_1R1W  |        2|  0|   0|    0|   512|   32|     1|        16384|
    |Stage6_I_U    |fft_Stage2_I_RAM_AUTO_1R1W  |        2|  0|   0|    0|   512|   32|     1|        16384|
    |Stage6_I_1_U  |fft_Stage2_I_RAM_AUTO_1R1W  |        2|  0|   0|    0|   512|   32|     1|        16384|
    |Stage7_R_U    |fft_Stage2_I_RAM_AUTO_1R1W  |        2|  0|   0|    0|   512|   32|     1|        16384|
    |Stage7_R_1_U  |fft_Stage2_I_RAM_AUTO_1R1W  |        2|  0|   0|    0|   512|   32|     1|        16384|
    |Stage7_I_U    |fft_Stage2_I_RAM_AUTO_1R1W  |        2|  0|   0|    0|   512|   32|     1|        16384|
    |Stage7_I_1_U  |fft_Stage2_I_RAM_AUTO_1R1W  |        2|  0|   0|    0|   512|   32|     1|        16384|
    |Stage8_R_U    |fft_Stage2_I_RAM_AUTO_1R1W  |        2|  0|   0|    0|   512|   32|     1|        16384|
    |Stage8_R_1_U  |fft_Stage2_I_RAM_AUTO_1R1W  |        2|  0|   0|    0|   512|   32|     1|        16384|
    |Stage8_I_U    |fft_Stage2_I_RAM_AUTO_1R1W  |        2|  0|   0|    0|   512|   32|     1|        16384|
    |Stage8_I_1_U  |fft_Stage2_I_RAM_AUTO_1R1W  |        2|  0|   0|    0|   512|   32|     1|        16384|
    |Stage9_R_U    |fft_Stage2_I_RAM_AUTO_1R1W  |        2|  0|   0|    0|   512|   32|     1|        16384|
    |Stage9_R_1_U  |fft_Stage2_I_RAM_AUTO_1R1W  |        2|  0|   0|    0|   512|   32|     1|        16384|
    |Stage9_I_U    |fft_Stage2_I_RAM_AUTO_1R1W  |        2|  0|   0|    0|   512|   32|     1|        16384|
    |Stage9_I_1_U  |fft_Stage2_I_RAM_AUTO_1R1W  |        2|  0|   0|    0|   512|   32|     1|        16384|
    |W_imag_U      |fft_W_imag_ROM_AUTO_1R      |        1|  0|   0|    0|   512|   32|     1|        16384|
    |W_real_U      |fft_W_real_ROM_AUTO_1R      |        1|  0|   0|    0|   512|   32|     1|        16384|
    |buf_o_R_U     |fft_buf_o_R_RAM_AUTO_1R1W   |        2|  0|   0|    0|   512|   32|     1|        16384|
    |buf_o_R_1_U   |fft_buf_o_R_RAM_AUTO_1R1W   |        2|  0|   0|    0|   512|   32|     1|        16384|
    |buf_o_I_U     |fft_buf_o_R_RAM_AUTO_1R1W   |        2|  0|   0|    0|   512|   32|     1|        16384|
    |buf_o_I_1_U   |fft_buf_o_R_RAM_AUTO_1R1W   |        2|  0|   0|    0|   512|   32|     1|        16384|
    |in_R_U        |fft_in_R_RAM_AUTO_1R1W      |        2|  0|   0|    0|   512|   32|     1|        16384|
    |in_R_1_U      |fft_in_R_RAM_AUTO_1R1W      |        2|  0|   0|    0|   512|   32|     1|        16384|
    |in_I_U        |fft_in_R_RAM_AUTO_1R1W      |        2|  0|   0|    0|   512|   32|     1|        16384|
    |in_I_1_U      |fft_in_R_RAM_AUTO_1R1W      |        2|  0|   0|    0|   512|   32|     1|        16384|
    |Stage1_R_0_U  |fft_in_R_RAM_AUTO_1R1W      |        2|  0|   0|    0|   512|   32|     1|        16384|
    |Stage1_R_1_U  |fft_in_R_RAM_AUTO_1R1W      |        2|  0|   0|    0|   512|   32|     1|        16384|
    |Stage1_I_0_U  |fft_in_R_RAM_AUTO_1R1W      |        2|  0|   0|    0|   512|   32|     1|        16384|
    |Stage1_I_1_U  |fft_in_R_RAM_AUTO_1R1W      |        2|  0|   0|    0|   512|   32|     1|        16384|
    +--------------+----------------------------+---------+---+----+-----+------+-----+------+-------------+
    |Total         |                            |       90|  0|   0|    0| 25600| 1504|    47|       819200|
    +--------------+----------------------------+---------+---+----+-----+------+-----+------+-------------+

    * FIFO: 
    N/A

    * Expression: 
    +----------------------------------+----------+----+---+----+------------+------------+
    |           Variable Name          | Operation| DSP| FF| LUT| Bitwidth P0| Bitwidth P1|
    +----------------------------------+----------+----+---+----+------------+------------+
    |ap_block_state26_on_subcall_done  |        or|   0|  0|   2|           1|           1|
    |ap_block_state2_on_subcall_done   |        or|   0|  0|   2|           1|           1|
    +----------------------------------+----------+----+---+----+------------+------------+
    |Total                             |          |   0|  0|   4|           2|           2|
    +----------------------------------+----------+----+---+----+------------+------------+

    * Multiplexer: 
    +---------------------+-----+-----------+-----+-----------+
    |         Name        | LUT | Input Size| Bits| Total Bits|
    +---------------------+-----+-----------+-----+-----------+
    |Stage0_I_address0    |   14|          3|   10|         30|
    |Stage0_I_address1    |   14|          3|   10|         30|
    |Stage0_I_ce0         |   14|          3|    1|          3|
    |Stage0_I_ce1         |   14|          3|    1|          3|
    |Stage0_I_we0         |    9|          2|    1|          2|
    |Stage0_I_we1         |    9|          2|    1|          2|
    |Stage0_R_1_address0  |   14|          3|    9|         27|
    |Stage0_R_1_ce0       |   14|          3|    1|          3|
    |Stage0_R_1_we0       |    9|          2|    1|          2|
    |Stage0_R_address0    |   14|          3|    9|         27|
    |Stage0_R_ce0         |   14|          3|    1|          3|
    |Stage0_R_we0         |    9|          2|    1|          2|
    |Stage1_I_0_address0  |   14|          3|    9|         27|
    |Stage1_I_0_ce0       |   14|          3|    1|          3|
    |Stage1_I_0_ce1       |    9|          2|    1|          2|
    |Stage1_I_0_we0       |    9|          2|    1|          2|
    |Stage1_I_1_address0  |   14|          3|    9|         27|
    |Stage1_I_1_ce0       |   14|          3|    1|          3|
    |Stage1_I_1_ce1       |    9|          2|    1|          2|
    |Stage1_I_1_we0       |    9|          2|    1|          2|
    |Stage1_R_0_address0  |   14|          3|    9|         27|
    |Stage1_R_0_ce0       |   14|          3|    1|          3|
    |Stage1_R_0_ce1       |    9|          2|    1|          2|
    |Stage1_R_0_we0       |    9|          2|    1|          2|
    |Stage1_R_1_address0  |   14|          3|    9|         27|
    |Stage1_R_1_ce0       |   14|          3|    1|          3|
    |Stage1_R_1_ce1       |    9|          2|    1|          2|
    |Stage1_R_1_we0       |    9|          2|    1|          2|
    |Stage2_I_1_address0  |   14|          3|    9|         27|
    |Stage2_I_1_address1  |   14|          3|    9|         27|
    |Stage2_I_1_ce0       |   14|          3|    1|          3|
    |Stage2_I_1_ce1       |   14|          3|    1|          3|
    |Stage2_I_1_we0       |    9|          2|    1|          2|
    |Stage2_I_1_we1       |    9|          2|    1|          2|
    |Stage2_I_address0    |   14|          3|    9|         27|
    |Stage2_I_address1    |   14|          3|    9|         27|
    |Stage2_I_ce0         |   14|          3|    1|          3|
    |Stage2_I_ce1         |   14|          3|    1|          3|
    |Stage2_I_we0         |    9|          2|    1|          2|
    |Stage2_I_we1         |    9|          2|    1|          2|
    |Stage2_R_address0    |   14|          3|   10|         30|
    |Stage2_R_address1    |   14|          3|   10|         30|
    |Stage2_R_ce0         |   14|          3|    1|          3|
    |Stage2_R_ce1         |   14|          3|    1|          3|
    |Stage2_R_we0         |    9|          2|    1|          2|
    |Stage2_R_we1         |    9|          2|    1|          2|
    |Stage3_I_1_address0  |   14|          3|    9|         27|
    |Stage3_I_1_address1  |   14|          3|    9|         27|
    |Stage3_I_1_ce0       |   14|          3|    1|          3|
    |Stage3_I_1_ce1       |   14|          3|    1|          3|
    |Stage3_I_1_we0       |    9|          2|    1|          2|
    |Stage3_I_1_we1       |    9|          2|    1|          2|
    |Stage3_I_address0    |   14|          3|    9|         27|
    |Stage3_I_address1    |   14|          3|    9|         27|
    |Stage3_I_ce0         |   14|          3|    1|          3|
    |Stage3_I_ce1         |   14|          3|    1|          3|
    |Stage3_I_we0         |    9|          2|    1|          2|
    |Stage3_I_we1         |    9|          2|    1|          2|
    |Stage3_R_1_address0  |   14|          3|    9|         27|
    |Stage3_R_1_address1  |   14|          3|    9|         27|
    |Stage3_R_1_ce0       |   14|          3|    1|          3|
    |Stage3_R_1_ce1       |   14|          3|    1|          3|
    |Stage3_R_1_we0       |    9|          2|    1|          2|
    |Stage3_R_1_we1       |    9|          2|    1|          2|
    |Stage3_R_address0    |   14|          3|    9|         27|
    |Stage3_R_address1    |   14|          3|    9|         27|
    |Stage3_R_ce0         |   14|          3|    1|          3|
    |Stage3_R_ce1         |   14|          3|    1|          3|
    |Stage3_R_we0         |    9|          2|    1|          2|
    |Stage3_R_we1         |    9|          2|    1|          2|
    |Stage4_I_1_address0  |   14|          3|    9|         27|
    |Stage4_I_1_address1  |   14|          3|    9|         27|
    |Stage4_I_1_ce0       |   14|          3|    1|          3|
    |Stage4_I_1_ce1       |   14|          3|    1|          3|
    |Stage4_I_1_we0       |    9|          2|    1|          2|
    |Stage4_I_1_we1       |    9|          2|    1|          2|
    |Stage4_I_address0    |   14|          3|    9|         27|
    |Stage4_I_address1    |   14|          3|    9|         27|
    |Stage4_I_ce0         |   14|          3|    1|          3|
    |Stage4_I_ce1         |   14|          3|    1|          3|
    |Stage4_I_we0         |    9|          2|    1|          2|
    |Stage4_I_we1         |    9|          2|    1|          2|
    |Stage4_R_address0    |   14|          3|   10|         30|
    |Stage4_R_address1    |   14|          3|   10|         30|
    |Stage4_R_ce0         |   14|          3|    1|          3|
    |Stage4_R_ce1         |   14|          3|    1|          3|
    |Stage4_R_we0         |    9|          2|    1|          2|
    |Stage4_R_we1         |    9|          2|    1|          2|
    |Stage5_I_1_address0  |   14|          3|    9|         27|
    |Stage5_I_1_address1  |   14|          3|    9|         27|
    |Stage5_I_1_ce0       |   14|          3|    1|          3|
    |Stage5_I_1_ce1       |   14|          3|    1|          3|
    |Stage5_I_1_we0       |    9|          2|    1|          2|
    |Stage5_I_1_we1       |    9|          2|    1|          2|
    |Stage5_I_address0    |   14|          3|    9|         27|
    |Stage5_I_address1    |   14|          3|    9|         27|
    |Stage5_I_ce0         |   14|          3|    1|          3|
    |Stage5_I_ce1         |   14|          3|    1|          3|
    |Stage5_I_we0         |    9|          2|    1|          2|
    |Stage5_I_we1         |    9|          2|    1|          2|
    |Stage5_R_1_address0  |   14|          3|    9|         27|
    |Stage5_R_1_address1  |   14|          3|    9|         27|
    |Stage5_R_1_ce0       |   14|          3|    1|          3|
    |Stage5_R_1_ce1       |   14|          3|    1|          3|
    |Stage5_R_1_we0       |    9|          2|    1|          2|
    |Stage5_R_1_we1       |    9|          2|    1|          2|
    |Stage5_R_address0    |   14|          3|    9|         27|
    |Stage5_R_address1    |   14|          3|    9|         27|
    |Stage5_R_ce0         |   14|          3|    1|          3|
    |Stage5_R_ce1         |   14|          3|    1|          3|
    |Stage5_R_we0         |    9|          2|    1|          2|
    |Stage5_R_we1         |    9|          2|    1|          2|
    |Stage6_I_1_address0  |   14|          3|    9|         27|
    |Stage6_I_1_address1  |   14|          3|    9|         27|
    |Stage6_I_1_ce0       |   14|          3|    1|          3|
    |Stage6_I_1_ce1       |   14|          3|    1|          3|
    |Stage6_I_1_we0       |    9|          2|    1|          2|
    |Stage6_I_1_we1       |    9|          2|    1|          2|
    |Stage6_I_address0    |   14|          3|    9|         27|
    |Stage6_I_address1    |   14|          3|    9|         27|
    |Stage6_I_ce0         |   14|          3|    1|          3|
    |Stage6_I_ce1         |   14|          3|    1|          3|
    |Stage6_I_we0         |    9|          2|    1|          2|
    |Stage6_I_we1         |    9|          2|    1|          2|
    |Stage6_R_1_address0  |   14|          3|    9|         27|
    |Stage6_R_1_address1  |   14|          3|    9|         27|
    |Stage6_R_1_ce0       |   14|          3|    1|          3|
    |Stage6_R_1_ce1       |   14|          3|    1|          3|
    |Stage6_R_1_we0       |    9|          2|    1|          2|
    |Stage6_R_1_we1       |    9|          2|    1|          2|
    |Stage6_R_address0    |   14|          3|    9|         27|
    |Stage6_R_address1    |   14|          3|    9|         27|
    |Stage6_R_ce0         |   14|          3|    1|          3|
    |Stage6_R_ce1         |   14|          3|    1|          3|
    |Stage6_R_we0         |    9|          2|    1|          2|
    |Stage6_R_we1         |    9|          2|    1|          2|
    |Stage7_I_1_address0  |   14|          3|    9|         27|
    |Stage7_I_1_address1  |   14|          3|    9|         27|
    |Stage7_I_1_ce0       |   14|          3|    1|          3|
    |Stage7_I_1_ce1       |   14|          3|    1|          3|
    |Stage7_I_1_we0       |    9|          2|    1|          2|
    |Stage7_I_1_we1       |    9|          2|    1|          2|
    |Stage7_I_address0    |   14|          3|    9|         27|
    |Stage7_I_address1    |   14|          3|    9|         27|
    |Stage7_I_ce0         |   14|          3|    1|          3|
    |Stage7_I_ce1         |   14|          3|    1|          3|
    |Stage7_I_we0         |    9|          2|    1|          2|
    |Stage7_I_we1         |    9|          2|    1|          2|
    |Stage7_R_1_address0  |   14|          3|    9|         27|
    |Stage7_R_1_address1  |   14|          3|    9|         27|
    |Stage7_R_1_ce0       |   14|          3|    1|          3|
    |Stage7_R_1_ce1       |   14|          3|    1|          3|
    |Stage7_R_1_we0       |    9|          2|    1|          2|
    |Stage7_R_1_we1       |    9|          2|    1|          2|
    |Stage7_R_address0    |   14|          3|    9|         27|
    |Stage7_R_address1    |   14|          3|    9|         27|
    |Stage7_R_ce0         |   14|          3|    1|          3|
    |Stage7_R_ce1         |   14|          3|    1|          3|
    |Stage7_R_we0         |    9|          2|    1|          2|
    |Stage7_R_we1         |    9|          2|    1|          2|
    |Stage8_I_1_address0  |   14|          3|    9|         27|
    |Stage8_I_1_address1  |   14|          3|    9|         27|
    |Stage8_I_1_ce0       |   14|          3|    1|          3|
    |Stage8_I_1_ce1       |   14|          3|    1|          3|
    |Stage8_I_1_we0       |    9|          2|    1|          2|
    |Stage8_I_1_we1       |    9|          2|    1|          2|
    |Stage8_I_address0    |   14|          3|    9|         27|
    |Stage8_I_address1    |   14|          3|    9|         27|
    |Stage8_I_ce0         |   14|          3|    1|          3|
    |Stage8_I_ce1         |   14|          3|    1|          3|
    |Stage8_I_we0         |    9|          2|    1|          2|
    |Stage8_I_we1         |    9|          2|    1|          2|
    |Stage8_R_1_address0  |   14|          3|    9|         27|
    |Stage8_R_1_address1  |   14|          3|    9|         27|
    |Stage8_R_1_ce0       |   14|          3|    1|          3|
    |Stage8_R_1_ce1       |   14|          3|    1|          3|
    |Stage8_R_1_we0       |    9|          2|    1|          2|
    |Stage8_R_1_we1       |    9|          2|    1|          2|
    |Stage8_R_address0    |   14|          3|    9|         27|
    |Stage8_R_address1    |   14|          3|    9|         27|
    |Stage8_R_ce0         |   14|          3|    1|          3|
    |Stage8_R_ce1         |   14|          3|    1|          3|
    |Stage8_R_we0         |    9|          2|    1|          2|
    |Stage8_R_we1         |    9|          2|    1|          2|
    |Stage9_I_1_address0  |   14|          3|    9|         27|
    |Stage9_I_1_address1  |   14|          3|    9|         27|
    |Stage9_I_1_ce0       |   14|          3|    1|          3|
    |Stage9_I_1_ce1       |   14|          3|    1|          3|
    |Stage9_I_1_we0       |    9|          2|    1|          2|
    |Stage9_I_1_we1       |    9|          2|    1|          2|
    |Stage9_I_address0    |   14|          3|    9|         27|
    |Stage9_I_address1    |   14|          3|    9|         27|
    |Stage9_I_ce0         |   14|          3|    1|          3|
    |Stage9_I_ce1         |   14|          3|    1|          3|
    |Stage9_I_we0         |    9|          2|    1|          2|
    |Stage9_I_we1         |    9|          2|    1|          2|
    |Stage9_R_1_address0  |   14|          3|    9|         27|
    |Stage9_R_1_address1  |   14|          3|    9|         27|
    |Stage9_R_1_ce0       |   14|          3|    1|          3|
    |Stage9_R_1_ce1       |   14|          3|    1|          3|
    |Stage9_R_1_we0       |    9|          2|    1|          2|
    |Stage9_R_1_we1       |    9|          2|    1|          2|
    |Stage9_R_address0    |   14|          3|    9|         27|
    |Stage9_R_address1    |   14|          3|    9|         27|
    |Stage9_R_ce0         |   14|          3|    1|          3|
    |Stage9_R_ce1         |   14|          3|    1|          3|
    |Stage9_R_we0         |    9|          2|    1|          2|
    |Stage9_R_we1         |    9|          2|    1|          2|
    |W_imag_address0      |   53|         10|    9|         90|
    |W_imag_ce0           |   53|         10|    1|         10|
    |W_real_address0      |   53|         10|    9|         90|
    |W_real_ce0           |   53|         10|    1|         10|
    |ap_NS_fsm            |  121|         27|    1|         27|
    |buf_o_I_1_address0   |   14|          3|    9|         27|
    |buf_o_I_1_ce0        |   14|          3|    1|          3|
    |buf_o_I_1_ce1        |    9|          2|    1|          2|
    |buf_o_I_1_we0        |    9|          2|    1|          2|
    |buf_o_I_1_we1        |    9|          2|    1|          2|
    |buf_o_I_address0     |   14|          3|    9|         27|
    |buf_o_I_ce0          |   14|          3|    1|          3|
    |buf_o_I_ce1          |    9|          2|    1|          2|
    |buf_o_I_we0          |    9|          2|    1|          2|
    |buf_o_I_we1          |    9|          2|    1|          2|
    |buf_o_R_1_address0   |   14|          3|    9|         27|
    |buf_o_R_1_ce0        |   14|          3|    1|          3|
    |buf_o_R_1_ce1        |    9|          2|    1|          2|
    |buf_o_R_1_we0        |    9|          2|    1|          2|
    |buf_o_R_1_we1        |    9|          2|    1|          2|
    |buf_o_R_address0     |   14|          3|    9|         27|
    |buf_o_R_ce0          |   14|          3|    1|          3|
    |buf_o_R_ce1          |    9|          2|    1|          2|
    |buf_o_R_we0          |    9|          2|    1|          2|
    |buf_o_R_we1          |    9|          2|    1|          2|
    |grp_fu_426_ce        |   53|         10|    1|         10|
    |grp_fu_426_p0        |   53|         10|   32|        320|
    |grp_fu_426_p1        |   53|         10|   32|        320|
    |grp_fu_430_ce        |   53|         10|    1|         10|
    |grp_fu_430_p0        |   53|         10|   32|        320|
    |grp_fu_430_p1        |   53|         10|   32|        320|
    |grp_fu_434_ce        |   53|         10|    1|         10|
    |grp_fu_434_p0        |   53|         10|   32|        320|
    |grp_fu_434_p1        |   53|         10|   32|        320|
    |grp_fu_438_ce        |   53|         10|    1|         10|
    |grp_fu_438_p0        |   53|         10|   32|        320|
    |grp_fu_438_p1        |   53|         10|   32|        320|
    |grp_fu_442_ce        |   53|         10|    1|         10|
    |grp_fu_442_p0        |   53|         10|   32|        320|
    |grp_fu_442_p1        |   53|         10|   32|        320|
    |grp_fu_446_ce        |   53|         10|    1|         10|
    |grp_fu_446_p0        |   53|         10|   32|        320|
    |grp_fu_446_p1        |   53|         10|   32|        320|
    |grp_fu_450_ce        |   53|         10|    1|         10|
    |grp_fu_450_p0        |   53|         10|   32|        320|
    |grp_fu_450_p1        |   53|         10|   32|        320|
    |grp_fu_454_ce        |   53|         10|    1|         10|
    |grp_fu_454_p0        |   53|         10|   32|        320|
    |grp_fu_454_p1        |   53|         10|   32|        320|
    |grp_fu_458_ce        |   53|         10|    1|         10|
    |grp_fu_458_p0        |   53|         10|   32|        320|
    |grp_fu_458_p1        |   53|         10|   32|        320|
    |grp_fu_462_ce        |   53|         10|    1|         10|
    |grp_fu_462_p0        |   53|         10|   32|        320|
    |grp_fu_462_p1        |   53|         10|   32|        320|
    |in_I_1_address0      |   14|          3|    9|         27|
    |in_I_1_ce0           |   14|          3|    1|          3|
    |in_I_1_ce1           |    9|          2|    1|          2|
    |in_I_1_we0           |    9|          2|    1|          2|
    |in_I_address0        |   14|          3|    9|         27|
    |in_I_ce0             |   14|          3|    1|          3|
    |in_I_ce1             |    9|          2|    1|          2|
    |in_I_we0             |    9|          2|    1|          2|
    |in_R_1_address0      |   14|          3|    9|         27|
    |in_R_1_ce0           |   14|          3|    1|          3|
    |in_R_1_ce1           |    9|          2|    1|          2|
    |in_R_1_we0           |    9|          2|    1|          2|
    |in_R_address0        |   14|          3|    9|         27|
    |in_R_ce0             |   14|          3|    1|          3|
    |in_R_ce1             |    9|          2|    1|          2|
    |in_R_we0             |    9|          2|    1|          2|
    +---------------------+-----+-----------+-----+-----------+
    |Total                | 4879|       1007| 1529|       9209|
    +---------------------+-----+-----------+-----+-----------+

    * Register: 
    +--------------------------------------------------------+----+----+-----+-----------+
    |                          Name                          | FF | LUT| Bits| Const Bits|
    +--------------------------------------------------------+----+----+-----+-----------+
    |ap_CS_fsm                                               |  26|   0|   26|          0|
    |grp_fft_Pipeline_13_fu_410_ap_start_reg                 |   1|   0|    1|          0|
    |grp_fft_Pipeline_14_fu_418_ap_start_reg                 |   1|   0|    1|          0|
    |grp_fft_Pipeline_1_fu_226_ap_start_reg                  |   1|   0|    1|          0|
    |grp_fft_Pipeline_2_fu_236_ap_start_reg                  |   1|   0|    1|          0|
    |grp_fft_Pipeline_Reverse_Operation_fu_246_ap_start_reg  |   1|   0|    1|          0|
    |grp_fft_Pipeline_Stage_loop_2_fu_270_ap_start_reg       |   1|   0|    1|          0|
    |grp_fft_Pipeline_Stage_loop_3_fu_285_ap_start_reg       |   1|   0|    1|          0|
    |grp_fft_Pipeline_Stage_loop_4_fu_300_ap_start_reg       |   1|   0|    1|          0|
    |grp_fft_Pipeline_Stage_loop_5_fu_315_ap_start_reg       |   1|   0|    1|          0|
    |grp_fft_Pipeline_Stage_loop_6_fu_330_ap_start_reg       |   1|   0|    1|          0|
    |grp_fft_Pipeline_Stage_loop_7_fu_346_ap_start_reg       |   1|   0|    1|          0|
    |grp_fft_Pipeline_Stage_loop_8_fu_362_ap_start_reg       |   1|   0|    1|          0|
    |grp_fft_Pipeline_Stage_loop_9_fu_378_ap_start_reg       |   1|   0|    1|          0|
    |grp_fft_Pipeline_last_stage_loop_fu_394_ap_start_reg    |   1|   0|    1|          0|
    |grp_fft_stage_first_fu_259_ap_start_reg                 |   1|   0|    1|          0|
    +--------------------------------------------------------+----+----+-----+-----------+
    |Total                                                   |  41|   0|   41|          0|
    +--------------------------------------------------------+----+----+-----+-----------+



================================================================
== Interface
================================================================
* Summary: 
+-----------------+-----+-----+------------+--------------+--------------+
|    RTL Ports    | Dir | Bits|  Protocol  | Source Object|    C Type    |
+-----------------+-----+-----+------------+--------------+--------------+
|ap_clk           |   in|    1|  ap_ctrl_hs|           fft|  return value|
|ap_rst           |   in|    1|  ap_ctrl_hs|           fft|  return value|
|ap_start         |   in|    1|  ap_ctrl_hs|           fft|  return value|
|ap_done          |  out|    1|  ap_ctrl_hs|           fft|  return value|
|ap_idle          |  out|    1|  ap_ctrl_hs|           fft|  return value|
|ap_ready         |  out|    1|  ap_ctrl_hs|           fft|  return value|
|xr_address0      |  out|   10|   ap_memory|            xr|         array|
|xr_ce0           |  out|    1|   ap_memory|            xr|         array|
|xr_q0            |   in|   32|   ap_memory|            xr|         array|
|xi_address0      |  out|   10|   ap_memory|            xi|         array|
|xi_ce0           |  out|    1|   ap_memory|            xi|         array|
|xi_q0            |   in|   32|   ap_memory|            xi|         array|
|xr_out_address0  |  out|   10|   ap_memory|        xr_out|         array|
|xr_out_ce0       |  out|    1|   ap_memory|        xr_out|         array|
|xr_out_we0       |  out|    1|   ap_memory|        xr_out|         array|
|xr_out_d0        |  out|   32|   ap_memory|        xr_out|         array|
|xi_out_address0  |  out|   10|   ap_memory|        xi_out|         array|
|xi_out_ce0       |  out|    1|   ap_memory|        xi_out|         array|
|xi_out_we0       |  out|    1|   ap_memory|        xi_out|         array|
|xi_out_d0        |  out|   32|   ap_memory|        xi_out|         array|
+-----------------+-----+-----+------------+--------------+--------------+

