INFO: [HLS 200-10] Running '/tools/Xilinx/Vitis_HLS/2022.2/bin/unwrapped/lnx64.o/vitis_hls'
INFO: [HLS 200-10] For user 'wes_2025_r_lizarraga' on host 'waiter' (Linux_x86_64 version 5.15.0-122-generic) on Fri Nov 08 20:45:15 PST 2024
INFO: [HLS 200-10] On os Ubuntu 22.04.5 LTS
INFO: [HLS 200-10] In directory '/home/wes_2025_r_lizarraga/project3_DFT/dft_256_precomputed_optimized5_Best'
Sourcing Tcl script '/home/wes_2025_r_lizarraga/project3_DFT/dft_256_precomputed_optimized5_Best/hls/solution1/csynth.tcl'
INFO: [HLS 200-1510] Running: source /home/wes_2025_r_lizarraga/project3_DFT/dft_256_precomputed_optimized5_Best/hls/solution1/csynth.tcl
INFO: [HLS 200-1510] Running: open_project hls 
INFO: [HLS 200-10] Opening project '/home/wes_2025_r_lizarraga/project3_DFT/dft_256_precomputed_optimized5_Best/hls'.
INFO: [HLS 200-1510] Running: set_top dft 
INFO: [HLS 200-1510] Running: add_files coefficients256.h 
INFO: [HLS 200-10] Adding design file 'coefficients256.h' to the project
INFO: [HLS 200-1510] Running: add_files dft.cpp 
INFO: [HLS 200-10] Adding design file 'dft.cpp' to the project
INFO: [HLS 200-1510] Running: add_files dft.h 
INFO: [HLS 200-10] Adding design file 'dft.h' to the project
INFO: [HLS 200-1510] Running: add_files -tb dft_test.cpp -cflags -Wno-unknown-pragmas -Wno-unknown-pragmas -Wno-unknown-pragmas -Wno-unknown-pragmas -Wno-unknown-pragmas -Wno-unknown-pragmas -Wno-unknown-pragmas -csimflags -Wno-unknown-pragmas 
INFO: [HLS 200-10] Adding test bench file 'dft_test.cpp' to the project
INFO: [HLS 200-1510] Running: add_files -tb out.gold.dat -cflags -Wno-unknown-pragmas -Wno-unknown-pragmas -Wno-unknown-pragmas -Wno-unknown-pragmas -Wno-unknown-pragmas -Wno-unknown-pragmas -Wno-unknown-pragmas -csimflags -Wno-unknown-pragmas 
INFO: [HLS 200-10] Adding test bench file 'out.gold.dat' to the project
INFO: [HLS 200-1510] Running: open_solution solution1 -flow_target vivado 
INFO: [HLS 200-10] Opening solution '/home/wes_2025_r_lizarraga/project3_DFT/dft_256_precomputed_optimized5_Best/hls/solution1'.
INFO: [SYN 201-201] Setting up clock 'default' with a period of 10ns.
INFO: [HLS 200-1611] Setting target device to 'xc7z020-clg400-1'
INFO: [HLS 200-1505] Using flow_target 'vivado'
Resolution: For help on HLS 200-1505 see www.xilinx.com/cgi-bin/docs/rdoc?v=2022.2;t=hls+guidance;d=200-1505.html
INFO: [HLS 200-1464] Running solution command: config_interface -m_axi_latency=0
INFO: [HLS 200-1510] Running: set_part xc7z020-clg400-1 
INFO: [HLS 200-1510] Running: create_clock -period 10 -name default 
INFO: [HLS 200-1510] Running: config_interface -m_axi_latency 0 
INFO: [HLS 200-1510] Running: source ./hls/solution1/directives.tcl
INFO: [HLS 200-1510] Running: set_directive_top -name dft dft 
INFO: [HLS 200-1510] Running: csynth_design 
Running Dispatch Server on port: 42641
INFO: [HLS 200-111] Finished File checks and directory preparation: CPU user time: 0.01 seconds. CPU system time: 0 seconds. Elapsed time: 10.02 seconds; current allocated memory: 214.324 MB.
INFO: [HLS 200-10] Analyzing design file 'dft.cpp' ... 
INFO: [HLS 200-111] Finished Source Code Analysis and Preprocessing: CPU user time: 0.23 seconds. CPU system time: 0.35 seconds. Elapsed time: 0.58 seconds; current allocated memory: 214.324 MB.
INFO: [HLS 200-777] Using interface defaults for 'Vivado' flow target.
INFO: [HLS 214-188] Unrolling loop 'VITIS_LOOP_31_1' (dft.cpp:31:19) in function 'Loop3' partially with a factor of 8 (dft.cpp:29:0)
INFO: [HLS 214-188] Unrolling loop 'VITIS_LOOP_18_1' (dft.cpp:18:19) in function 'Loop2' partially with a factor of 8 (dft.cpp:16:0)
INFO: [HLS 214-188] Unrolling loop 'VITIS_LOOP_7_1' (dft.cpp:7:18) in function 'Loop1' partially with a factor of 8 (dft.cpp:5:0)
INFO: [HLS 214-248] Applying array_partition to '_ZL22sin_coefficients_table': Cyclic partitioning with factor 8 on dimension 1. (./coefficients256.h:2:0)
INFO: [HLS 214-248] Applying array_partition to '_ZL22cos_coefficients_table': Cyclic partitioning with factor 8 on dimension 1. (./coefficients256.h:1:0)
INFO: [HLS 214-248] Applying array_partition to 'real_in': Cyclic partitioning with factor 8 on dimension 1. (dft.cpp:48:0)
INFO: [HLS 214-248] Applying array_partition to 'imag_in': Cyclic partitioning with factor 8 on dimension 1. (dft.cpp:48:0)
INFO: [HLS 214-248] Applying array_partition to 'real_out': Cyclic partitioning with factor 8 on dimension 1. (dft.cpp:48:0)
INFO: [HLS 214-248] Applying array_partition to 'imag_out': Cyclic partitioning with factor 8 on dimension 1. (dft.cpp:48:0)
INFO: [HLS 200-111] Finished Compiling Optimization and Transform: CPU user time: 1.89 seconds. CPU system time: 0.41 seconds. Elapsed time: 2.3 seconds; current allocated memory: 215.496 MB.
INFO: [HLS 200-111] Finished Checking Pragmas: CPU user time: 0 seconds. CPU system time: 0 seconds. Elapsed time: 0 seconds; current allocated memory: 215.496 MB.
INFO: [HLS 200-10] Starting code transformations ...
INFO: [HLS 200-111] Finished Standard Transforms: CPU user time: 0.03 seconds. CPU system time: 0 seconds. Elapsed time: 0.03 seconds; current allocated memory: 216.566 MB.
INFO: [HLS 200-10] Checking synthesizability ...
INFO: [HLS 200-111] Finished Checking Synthesizability: CPU user time: 0.01 seconds. CPU system time: 0.01 seconds. Elapsed time: 0.02 seconds; current allocated memory: 217.336 MB.
INFO: [XFORM 203-510] Pipelining loop 'VITIS_LOOP_31_1' (dft.cpp:30) in function 'Loop3' automatically.
INFO: [XFORM 203-510] Pipelining loop 'VITIS_LOOP_18_1' (dft.cpp:17) in function 'Loop2' automatically.
INFO: [XFORM 203-510] Pipelining loop 'VITIS_LOOP_7_1' (dft.cpp:6) in function 'Loop1' automatically.
INFO: [XFORM 203-721] Extract dataflow region from loop VITIS_LOOP_59_1 (dft.cpp:61)  of function 'dft'.
INFO: [XFORM 203-712] Applying dataflow to function 'dataflow_in_loop_VITIS_LOOP_59_1' (dft.cpp:60:3), detected/extracted 4 process function(s): 
	 'Loop1'
	 'Loop2'
	 'Loop3'
	 'LastPart'.
INFO: [XFORM 203-401] Performing if-conversion on hyperblock from (dft.cpp:30:6) to (dft.cpp:31:19) in function 'Loop3'... converting 3 basic blocks.
INFO: [HLS 200-111] Finished Loop, function and other optimizations: CPU user time: 0.09 seconds. CPU system time: 0.01 seconds. Elapsed time: 0.1 seconds; current allocated memory: 240.355 MB.
INFO: [HLS 200-472] Inferring partial write operation for 'sum_real' (dft.cpp:37:15)
INFO: [HLS 200-472] Inferring partial write operation for 'sum_imag' (dft.cpp:38:15)
INFO: [HLS 200-472] Inferring partial write operation for 'temp_real_out' (dft.cpp:24:20)
INFO: [HLS 200-472] Inferring partial write operation for 'temp_imag_out' (dft.cpp:25:20)
INFO: [HLS 200-472] Inferring partial write operation for 'cos' (dft.cpp:11:10)
INFO: [HLS 200-472] Inferring partial write operation for 'sin' (dft.cpp:12:10)
WARNING: [HLS 200-1449] Process Loop2 has both a predecessor and reads an input from its caller (see the GUI dataflow viewer). This may lead to lower throughput. Consider copying this input via a predecessor process.
WARNING: [HLS 200-1449] Process dataflow_in_loop_VITIS_LOOP_59_1 has both a predecessor and reads an input from its caller (see the GUI dataflow viewer). This may lead to lower throughput. Consider copying this input via a predecessor process.
INFO: [HLS 200-111] Finished Architecture Synthesis: CPU user time: 0.07 seconds. CPU system time: 0.01 seconds. Elapsed time: 0.08 seconds; current allocated memory: 291.332 MB.
INFO: [HLS 200-10] Starting hardware synthesis ...
INFO: [HLS 200-10] Synthesizing 'dft' ...
INFO: [HLS 200-10] ----------------------------------------------------------------
INFO: [HLS 200-42] -- Implementing module 'Loop1' 
INFO: [HLS 200-10] ----------------------------------------------------------------
INFO: [SCHED 204-11] Starting scheduling ...
INFO: [SCHED 204-61] Pipelining loop 'VITIS_LOOP_7_1'.
WARNING: [HLS 200-885] The II Violation in module 'Loop1' (loop 'VITIS_LOOP_7_1'): Unable to schedule 'store' operation ('cos_addr_8_write_ln11', dft.cpp:11->dft.cpp:64) of variable 'tmp_i', dft.cpp:11->dft.cpp:64 on array 'cos' due to limited memory ports (II = 1). Please consider using a memory core with more ports or partitioning the array 'cos'.
Resolution: For help on HLS 200-885 see www.xilinx.com/cgi-bin/docs/rdoc?v=2022.2;t=hls+guidance;d=200-885.html
WARNING: [HLS 200-885] The II Violation in module 'Loop1' (loop 'VITIS_LOOP_7_1'): Unable to schedule 'store' operation ('cos_addr_10_write_ln11', dft.cpp:11->dft.cpp:64) of variable 'tmp_4_i', dft.cpp:11->dft.cpp:64 on array 'cos' due to limited memory ports (II = 2). Please consider using a memory core with more ports or partitioning the array 'cos'.
Resolution: For help on HLS 200-885 see www.xilinx.com/cgi-bin/docs/rdoc?v=2022.2;t=hls+guidance;d=200-885.html
WARNING: [HLS 200-885] The II Violation in module 'Loop1' (loop 'VITIS_LOOP_7_1'): Unable to schedule 'store' operation ('cos_addr_12_write_ln11', dft.cpp:11->dft.cpp:64) of variable 'tmp_8_i', dft.cpp:11->dft.cpp:64 on array 'cos' due to limited memory ports (II = 3). Please consider using a memory core with more ports or partitioning the array 'cos'.
Resolution: For help on HLS 200-885 see www.xilinx.com/cgi-bin/docs/rdoc?v=2022.2;t=hls+guidance;d=200-885.html
INFO: [HLS 200-1470] Pipelining result : Target II = NA, Final II = 4, Depth = 9, loop 'VITIS_LOOP_7_1'
WARNING: [HLS 200-871] Estimated clock period (7.804ns) exceeds the target (target clock period: 10ns, clock uncertainty: 2.7ns, effective delay budget: 7.3ns).
Resolution: For help on HLS 200-871 see www.xilinx.com/cgi-bin/docs/rdoc?v=2022.2;t=hls+guidance;d=200-871.html
WARNING: [HLS 200-1016] The critical path in module 'Loop1' consists of the following:	wire read operation ('i') on port 'i' [21]  (3.63 ns)
	'mul' operation ('mul_ln10', dft.cpp:10->dft.cpp:64) [35]  (4.17 ns)

Resolution: For help on HLS 200-1016 see www.xilinx.com/cgi-bin/docs/rdoc?v=2022.2;t=hls+guidance;d=200-1016.html
INFO: [SCHED 204-11] Finished scheduling.
INFO: [HLS 200-111] Finished Scheduling: CPU user time: 0.18 seconds. CPU system time: 0.03 seconds. Elapsed time: 0.21 seconds; current allocated memory: 295.875 MB.
INFO: [BIND 205-100] Starting micro-architecture generation ...
INFO: [BIND 205-101] Performing variable lifetime analysis.
INFO: [BIND 205-101] Exploring resource sharing.
INFO: [BIND 205-101] Binding ...
INFO: [BIND 205-100] Finished micro-architecture generation.
INFO: [HLS 200-111] Finished Binding: CPU user time: 0.06 seconds. CPU system time: 0.01 seconds. Elapsed time: 0.06 seconds; current allocated memory: 295.875 MB.
INFO: [HLS 200-10] ----------------------------------------------------------------
INFO: [HLS 200-42] -- Implementing module 'Loop2' 
INFO: [HLS 200-10] ----------------------------------------------------------------
INFO: [SCHED 204-11] Starting scheduling ...
INFO: [SCHED 204-61] Pipelining loop 'VITIS_LOOP_18_1'.
WARNING: [HLS 200-885] The II Violation in module 'Loop2' (loop 'VITIS_LOOP_18_1'): Unable to schedule 'load' operation ('cos_temp', dft.cpp:20) on array 'cos' due to limited memory ports (II = 1). Please consider using a memory core with more ports or partitioning the array 'cos'.
Resolution: For help on HLS 200-885 see www.xilinx.com/cgi-bin/docs/rdoc?v=2022.2;t=hls+guidance;d=200-885.html
WARNING: [HLS 200-885] The II Violation in module 'Loop2' (loop 'VITIS_LOOP_18_1'): Unable to schedule 'load' operation ('cos_temp', dft.cpp:20) on array 'cos' due to limited memory ports (II = 2). Please consider using a memory core with more ports or partitioning the array 'cos'.
Resolution: For help on HLS 200-885 see www.xilinx.com/cgi-bin/docs/rdoc?v=2022.2;t=hls+guidance;d=200-885.html
WARNING: [HLS 200-885] The II Violation in module 'Loop2' (loop 'VITIS_LOOP_18_1'): Unable to schedule 'load' operation ('cos_temp', dft.cpp:20) on array 'cos' due to limited memory ports (II = 3). Please consider using a memory core with more ports or partitioning the array 'cos'.
Resolution: For help on HLS 200-885 see www.xilinx.com/cgi-bin/docs/rdoc?v=2022.2;t=hls+guidance;d=200-885.html
INFO: [HLS 200-1470] Pipelining result : Target II = NA, Final II = 4, Depth = 15, loop 'VITIS_LOOP_18_1'
INFO: [SCHED 204-11] Finished scheduling.
INFO: [HLS 200-111] Finished Scheduling: CPU user time: 0.23 seconds. CPU system time: 0.01 seconds. Elapsed time: 0.24 seconds; current allocated memory: 297.121 MB.
INFO: [BIND 205-100] Starting micro-architecture generation ...
INFO: [BIND 205-101] Performing variable lifetime analysis.
INFO: [BIND 205-101] Exploring resource sharing.
INFO: [BIND 205-101] Binding ...
INFO: [BIND 205-100] Finished micro-architecture generation.
INFO: [HLS 200-111] Finished Binding: CPU user time: 0.16 seconds. CPU system time: 0 seconds. Elapsed time: 0.16 seconds; current allocated memory: 297.121 MB.
INFO: [HLS 200-10] ----------------------------------------------------------------
INFO: [HLS 200-42] -- Implementing module 'Loop3_Pipeline_VITIS_LOOP_31_1' 
INFO: [HLS 200-10] ----------------------------------------------------------------
INFO: [SCHED 204-11] Starting scheduling ...
INFO: [SCHED 204-61] Pipelining loop 'VITIS_LOOP_31_1'.
WARNING: [HLS 200-880] The II Violation in module 'Loop3_Pipeline_VITIS_LOOP_31_1' (loop 'VITIS_LOOP_31_1'): Unable to enforce a carried dependence constraint (II = 1, distance = 1, offset = 1) between 'fadd' operation ('add_7_i', dft.cpp:37->dft.cpp:66) and 'fadd' operation ('add_i', dft.cpp:37->dft.cpp:66).
Resolution: For help on HLS 200-880 see www.xilinx.com/cgi-bin/docs/rdoc?v=2022.2;t=hls+guidance;d=200-880.html
WARNING: [HLS 200-880] The II Violation in module 'Loop3_Pipeline_VITIS_LOOP_31_1' (loop 'VITIS_LOOP_31_1'): Unable to enforce a carried dependence constraint (II = 2, distance = 1, offset = 1) between 'fadd' operation ('add_7_i', dft.cpp:37->dft.cpp:66) and 'fadd' operation ('add_i', dft.cpp:37->dft.cpp:66).
Resolution: For help on HLS 200-880 see www.xilinx.com/cgi-bin/docs/rdoc?v=2022.2;t=hls+guidance;d=200-880.html
WARNING: [HLS 200-880] The II Violation in module 'Loop3_Pipeline_VITIS_LOOP_31_1' (loop 'VITIS_LOOP_31_1'): Unable to enforce a carried dependence constraint (II = 3, distance = 1, offset = 1) between 'fadd' operation ('add_7_i', dft.cpp:37->dft.cpp:66) and 'fadd' operation ('add_i', dft.cpp:37->dft.cpp:66).
Resolution: For help on HLS 200-880 see www.xilinx.com/cgi-bin/docs/rdoc?v=2022.2;t=hls+guidance;d=200-880.html
WARNING: [HLS 200-880] The II Violation in module 'Loop3_Pipeline_VITIS_LOOP_31_1' (loop 'VITIS_LOOP_31_1'): Unable to enforce a carried dependence constraint (II = 4, distance = 1, offset = 1) between 'fadd' operation ('add_7_i', dft.cpp:37->dft.cpp:66) and 'fadd' operation ('add_i', dft.cpp:37->dft.cpp:66).
Resolution: For help on HLS 200-880 see www.xilinx.com/cgi-bin/docs/rdoc?v=2022.2;t=hls+guidance;d=200-880.html
WARNING: [HLS 200-880] The II Violation in module 'Loop3_Pipeline_VITIS_LOOP_31_1' (loop 'VITIS_LOOP_31_1'): Unable to enforce a carried dependence constraint (II = 35, distance = 1, offset = 1) between 'fadd' operation ('add_7_i', dft.cpp:37->dft.cpp:66) and 'fadd' operation ('add_i', dft.cpp:37->dft.cpp:66).
Resolution: For help on HLS 200-880 see www.xilinx.com/cgi-bin/docs/rdoc?v=2022.2;t=hls+guidance;d=200-880.html
WARNING: [HLS 200-880] The II Violation in module 'Loop3_Pipeline_VITIS_LOOP_31_1' (loop 'VITIS_LOOP_31_1'): Unable to enforce a carried dependence constraint (II = 39, distance = 1, offset = 1) between 'fadd' operation ('add_7_i', dft.cpp:37->dft.cpp:66) and 'fadd' operation ('add_i', dft.cpp:37->dft.cpp:66).
Resolution: For help on HLS 200-880 see www.xilinx.com/cgi-bin/docs/rdoc?v=2022.2;t=hls+guidance;d=200-880.html
WARNING: [HLS 200-880] The II Violation in module 'Loop3_Pipeline_VITIS_LOOP_31_1' (loop 'VITIS_LOOP_31_1'): Unable to enforce a carried dependence constraint (II = 40, distance = 1, offset = 1) between 'fadd' operation ('add_7_i', dft.cpp:37->dft.cpp:66) and 'fadd' operation ('add_i', dft.cpp:37->dft.cpp:66).
Resolution: For help on HLS 200-880 see www.xilinx.com/cgi-bin/docs/rdoc?v=2022.2;t=hls+guidance;d=200-880.html
INFO: [HLS 200-1470] Pipelining result : Target II = NA, Final II = 41, Depth = 45, loop 'VITIS_LOOP_31_1'
INFO: [SCHED 204-11] Finished scheduling.
INFO: [HLS 200-111] Finished Scheduling: CPU user time: 0.21 seconds. CPU system time: 0.01 seconds. Elapsed time: 0.22 seconds; current allocated memory: 298.477 MB.
INFO: [BIND 205-100] Starting micro-architecture generation ...
INFO: [BIND 205-101] Performing variable lifetime analysis.
INFO: [BIND 205-101] Exploring resource sharing.
INFO: [BIND 205-101] Binding ...
INFO: [BIND 205-100] Finished micro-architecture generation.
INFO: [HLS 200-111] Finished Binding: CPU user time: 0.13 seconds. CPU system time: 0 seconds. Elapsed time: 0.14 seconds; current allocated memory: 298.477 MB.
INFO: [HLS 200-10] ----------------------------------------------------------------
INFO: [HLS 200-42] -- Implementing module 'Loop3' 
INFO: [HLS 200-10] ----------------------------------------------------------------
INFO: [SCHED 204-11] Starting scheduling ...
INFO: [SCHED 204-11] Finished scheduling.
INFO: [HLS 200-111] Finished Scheduling: CPU user time: 0.07 seconds. CPU system time: 0 seconds. Elapsed time: 0.07 seconds; current allocated memory: 298.902 MB.
INFO: [BIND 205-100] Starting micro-architecture generation ...
INFO: [BIND 205-101] Performing variable lifetime analysis.
INFO: [BIND 205-101] Exploring resource sharing.
INFO: [BIND 205-101] Binding ...
INFO: [BIND 205-100] Finished micro-architecture generation.
INFO: [HLS 200-111] Finished Binding: CPU user time: 0.02 seconds. CPU system time: 0 seconds. Elapsed time: 0.02 seconds; current allocated memory: 298.902 MB.
INFO: [HLS 200-10] ----------------------------------------------------------------
INFO: [HLS 200-42] -- Implementing module 'LastPart' 
INFO: [HLS 200-10] ----------------------------------------------------------------
INFO: [SCHED 204-11] Starting scheduling ...
INFO: [SCHED 204-11] Finished scheduling.
INFO: [HLS 200-111] Finished Scheduling: CPU user time: 0.03 seconds. CPU system time: 0.01 seconds. Elapsed time: 0.03 seconds; current allocated memory: 299.562 MB.
INFO: [BIND 205-100] Starting micro-architecture generation ...
INFO: [BIND 205-101] Performing variable lifetime analysis.
INFO: [BIND 205-101] Exploring resource sharing.
INFO: [BIND 205-101] Binding ...
INFO: [BIND 205-100] Finished micro-architecture generation.
INFO: [HLS 200-111] Finished Binding: CPU user time: 0.01 seconds. CPU system time: 0 seconds. Elapsed time: 0.02 seconds; current allocated memory: 299.562 MB.
INFO: [HLS 200-10] ----------------------------------------------------------------
INFO: [HLS 200-42] -- Implementing module 'dataflow_in_loop_VITIS_LOOP_59_1' 
INFO: [HLS 200-10] ----------------------------------------------------------------
INFO: [SCHED 204-11] Starting scheduling ...
WARNING: [HLS 200-871] Estimated clock period (7.804ns) exceeds the target (target clock period: 10ns, clock uncertainty: 2.7ns, effective delay budget: 7.3ns).
Resolution: For help on HLS 200-871 see www.xilinx.com/cgi-bin/docs/rdoc?v=2022.2;t=hls+guidance;d=200-871.html
WARNING: [HLS 200-1016] The critical path in module 'dataflow_in_loop_VITIS_LOOP_59_1' consists of the following:	wire read operation ('i_read') on port 'i' [50]  (0 ns)
	'call' operation ('tmp', dft.cpp:64) to 'Loop1' [91]  (7.8 ns)

Resolution: For help on HLS 200-1016 see www.xilinx.com/cgi-bin/docs/rdoc?v=2022.2;t=hls+guidance;d=200-1016.html
INFO: [SCHED 204-11] Finished scheduling.
WARNING: [HLS 200-1020] Increasing the depth of FIFO tmp (from Loop1_U0 to Loop3_U0) to 3 to improve performance and/or avoid deadlocks.
INFO: [HLS 200-111] Finished Scheduling: CPU user time: 0.03 seconds. CPU system time: 0 seconds. Elapsed time: 0.02 seconds; current allocated memory: 299.914 MB.
INFO: [BIND 205-100] Starting micro-architecture generation ...
INFO: [BIND 205-101] Performing variable lifetime analysis.
INFO: [BIND 205-101] Exploring resource sharing.
INFO: [BIND 205-101] Binding ...
INFO: [BIND 205-100] Finished micro-architecture generation.
INFO: [HLS 200-111] Finished Binding: CPU user time: 0.04 seconds. CPU system time: 0 seconds. Elapsed time: 0.05 seconds; current allocated memory: 299.914 MB.
INFO: [HLS 200-10] ----------------------------------------------------------------
INFO: [HLS 200-42] -- Implementing module 'dft' 
INFO: [HLS 200-10] ----------------------------------------------------------------
INFO: [SCHED 204-11] Starting scheduling ...
WARNING: [HLS 200-871] Estimated clock period (7.804ns) exceeds the target (target clock period: 10ns, clock uncertainty: 2.7ns, effective delay budget: 7.3ns).
Resolution: For help on HLS 200-871 see www.xilinx.com/cgi-bin/docs/rdoc?v=2022.2;t=hls+guidance;d=200-871.html
WARNING: [HLS 200-1016] The critical path in module 'dft' consists of the following:	'call' operation ('_ln67', dft.cpp:67) to 'dataflow_in_loop_VITIS_LOOP_59_1' [124]  (7.8 ns)

Resolution: For help on HLS 200-1016 see www.xilinx.com/cgi-bin/docs/rdoc?v=2022.2;t=hls+guidance;d=200-1016.html
INFO: [SCHED 204-11] Finished scheduling.
INFO: [HLS 200-111] Finished Scheduling: CPU user time: 0.09 seconds. CPU system time: 0 seconds. Elapsed time: 0.1 seconds; current allocated memory: 300.715 MB.
INFO: [BIND 205-100] Starting micro-architecture generation ...
INFO: [BIND 205-101] Performing variable lifetime analysis.
INFO: [BIND 205-101] Exploring resource sharing.
INFO: [BIND 205-101] Binding ...
INFO: [BIND 205-100] Finished micro-architecture generation.
INFO: [HLS 200-111] Finished Binding: CPU user time: 0.05 seconds. CPU system time: 0 seconds. Elapsed time: 0.05 seconds; current allocated memory: 300.715 MB.
INFO: [HLS 200-10] ----------------------------------------------------------------
INFO: [HLS 200-10] -- Generating RTL for module 'Loop1' 
INFO: [HLS 200-10] ----------------------------------------------------------------
INFO: [HLS 200-1030] Apply Unified Pipeline Control on module 'Loop1' pipeline 'VITIS_LOOP_7_1' pipeline type 'loop pipeline'
INFO: [RTGEN 206-100] Generating core module 'mul_8s_8s_8_1_1': 1 instance(s).
INFO: [RTGEN 206-100] Generating core module 'mux_73_32_1_1': 4 instance(s).
INFO: [RTGEN 206-100] Generating core module 'mux_83_32_1_1': 8 instance(s).
INFO: [RTGEN 206-100] Finished creating RTL model for 'Loop1'.
INFO: [RTMG 210-279] Implementing memory 'dft_Loop1_p_ZL22cos_coefficients_table_0_ROM_AUTO_1R' using auto ROMs.
INFO: [RTMG 210-279] Implementing memory 'dft_Loop1_p_ZL22sin_coefficients_table_0_ROM_AUTO_1R' using auto ROMs.
INFO: [RTMG 210-279] Implementing memory 'dft_Loop1_p_ZL22cos_coefficients_table_1_ROM_AUTO_1R' using auto ROMs.
INFO: [RTMG 210-279] Implementing memory 'dft_Loop1_p_ZL22cos_coefficients_table_2_ROM_AUTO_1R' using auto ROMs.
INFO: [RTMG 210-279] Implementing memory 'dft_Loop1_p_ZL22cos_coefficients_table_3_ROM_AUTO_1R' using auto ROMs.
INFO: [RTMG 210-279] Implementing memory 'dft_Loop1_p_ZL22cos_coefficients_table_4_ROM_AUTO_1R' using auto ROMs.
INFO: [RTMG 210-279] Implementing memory 'dft_Loop1_p_ZL22cos_coefficients_table_5_ROM_AUTO_1R' using auto ROMs.
INFO: [RTMG 210-279] Implementing memory 'dft_Loop1_p_ZL22cos_coefficients_table_6_ROM_AUTO_1R' using auto ROMs.
INFO: [RTMG 210-279] Implementing memory 'dft_Loop1_p_ZL22cos_coefficients_table_7_ROM_AUTO_1R' using auto ROMs.
INFO: [RTMG 210-279] Implementing memory 'dft_Loop1_p_ZL22sin_coefficients_table_1_ROM_AUTO_1R' using auto ROMs.
INFO: [RTMG 210-279] Implementing memory 'dft_Loop1_p_ZL22sin_coefficients_table_2_ROM_AUTO_1R' using auto ROMs.
INFO: [RTMG 210-279] Implementing memory 'dft_Loop1_p_ZL22sin_coefficients_table_3_ROM_AUTO_1R' using auto ROMs.
INFO: [RTMG 210-279] Implementing memory 'dft_Loop1_p_ZL22sin_coefficients_table_4_ROM_AUTO_1R' using auto ROMs.
INFO: [RTMG 210-279] Implementing memory 'dft_Loop1_p_ZL22sin_coefficients_table_5_ROM_AUTO_1R' using auto ROMs.
INFO: [RTMG 210-279] Implementing memory 'dft_Loop1_p_ZL22sin_coefficients_table_6_ROM_AUTO_1R' using auto ROMs.
INFO: [RTMG 210-279] Implementing memory 'dft_Loop1_p_ZL22sin_coefficients_table_7_ROM_AUTO_1R' using auto ROMs.
INFO: [HLS 200-111] Finished Creating RTL model: CPU user time: 0.13 seconds. CPU system time: 0.01 seconds. Elapsed time: 0.13 seconds; current allocated memory: 302.617 MB.
INFO: [HLS 200-10] ----------------------------------------------------------------
INFO: [HLS 200-10] -- Generating RTL for module 'Loop2' 
INFO: [HLS 200-10] ----------------------------------------------------------------
INFO: [HLS 200-1030] Apply Unified Pipeline Control on module 'Loop2' pipeline 'VITIS_LOOP_18_1' pipeline type 'loop pipeline'
INFO: [RTGEN 206-100] Generating core module 'fadd_32ns_32ns_32_5_full_dsp_1': 2 instance(s).
INFO: [RTGEN 206-100] Generating core module 'fmul_32ns_32ns_32_4_max_dsp_1': 8 instance(s).
INFO: [RTGEN 206-100] Generating core module 'fsub_32ns_32ns_32_5_full_dsp_1': 2 instance(s).
INFO: [RTGEN 206-100] Finished creating RTL model for 'Loop2'.
INFO: [HLS 200-111] Finished Creating RTL model: CPU user time: 0.18 seconds. CPU system time: 0.02 seconds. Elapsed time: 0.19 seconds; current allocated memory: 309.305 MB.
INFO: [HLS 200-10] ----------------------------------------------------------------
INFO: [HLS 200-10] -- Generating RTL for module 'Loop3_Pipeline_VITIS_LOOP_31_1' 
INFO: [HLS 200-10] ----------------------------------------------------------------
INFO: [HLS 200-1030] Apply Unified Pipeline Control on module 'Loop3_Pipeline_VITIS_LOOP_31_1' pipeline 'VITIS_LOOP_31_1' pipeline type 'loop pipeline'
INFO: [RTGEN 206-100] Generating core module 'fadd_32ns_32ns_32_5_full_dsp_1': 1 instance(s).
INFO: [RTGEN 206-100] Finished creating RTL model for 'Loop3_Pipeline_VITIS_LOOP_31_1'.
INFO: [HLS 200-111] Finished Creating RTL model: CPU user time: 0.31 seconds. CPU system time: 0.01 seconds. Elapsed time: 0.33 seconds; current allocated memory: 314.211 MB.
INFO: [HLS 200-10] ----------------------------------------------------------------
INFO: [HLS 200-10] -- Generating RTL for module 'Loop3' 
INFO: [HLS 200-10] ----------------------------------------------------------------
INFO: [RTGEN 206-100] Finished creating RTL model for 'Loop3'.
INFO: [HLS 200-111] Finished Creating RTL model: CPU user time: 0.12 seconds. CPU system time: 0.01 seconds. Elapsed time: 0.13 seconds; current allocated memory: 316.477 MB.
INFO: [HLS 200-10] ----------------------------------------------------------------
INFO: [HLS 200-10] -- Generating RTL for module 'LastPart' 
INFO: [HLS 200-10] ----------------------------------------------------------------
INFO: [RTGEN 206-100] Finished creating RTL model for 'LastPart'.
INFO: [HLS 200-111] Finished Creating RTL model: CPU user time: 0.03 seconds. CPU system time: 0 seconds. Elapsed time: 0.03 seconds; current allocated memory: 317.469 MB.
INFO: [HLS 200-10] ----------------------------------------------------------------
INFO: [HLS 200-10] -- Generating RTL for module 'dataflow_in_loop_VITIS_LOOP_59_1' 
INFO: [HLS 200-10] ----------------------------------------------------------------
INFO: [RTGEN 206-100] Finished creating RTL model for 'dataflow_in_loop_VITIS_LOOP_59_1'.
INFO: [HLS 200-740] Implementing PIPO dft_dataflow_in_loop_VITIS_LOOP_59_1_cos_RAM_AUTO_1R1W using a separate memory for each block
INFO: [RTMG 210-278] Implementing memory 'dft_dataflow_in_loop_VITIS_LOOP_59_1_cos_RAM_AUTO_1R1W_memcore' using auto RAMs.
INFO: [HLS 200-741] Implementing PIPO dft_dataflow_in_loop_VITIS_LOOP_59_1_sum_real_RAM_AUTO_1R1W using a single memory for all blocks
INFO: [RTMG 210-278] Implementing memory 'dft_dataflow_in_loop_VITIS_LOOP_59_1_sum_real_RAM_AUTO_1R1W_memcore' using auto RAMs.
INFO: [RTMG 210-285] Implementing FIFO 'tmp_U(dft_fifo_w8_d3_S)' using Shift Registers.
INFO: [RTMG 210-285] Implementing FIFO 'i_c_channel_U(dft_fifo_w8_d2_S)' using Shift Registers.
INFO: [HLS 200-111] Finished Creating RTL model: CPU user time: 0.04 seconds. CPU system time: 0.01 seconds. Elapsed time: 0.05 seconds; current allocated memory: 320.906 MB.
INFO: [HLS 200-10] ----------------------------------------------------------------
INFO: [HLS 200-10] -- Generating RTL for module 'dft' 
INFO: [HLS 200-10] ----------------------------------------------------------------
INFO: [RTGEN 206-500] Setting interface mode on port 'dft/real_in_0' to 'ap_memory'.
INFO: [RTGEN 206-500] Setting interface mode on port 'dft/real_in_1' to 'ap_memory'.
INFO: [RTGEN 206-500] Setting interface mode on port 'dft/real_in_2' to 'ap_memory'.
INFO: [RTGEN 206-500] Setting interface mode on port 'dft/real_in_3' to 'ap_memory'.
INFO: [RTGEN 206-500] Setting interface mode on port 'dft/real_in_4' to 'ap_memory'.
INFO: [RTGEN 206-500] Setting interface mode on port 'dft/real_in_5' to 'ap_memory'.
INFO: [RTGEN 206-500] Setting interface mode on port 'dft/real_in_6' to 'ap_memory'.
INFO: [RTGEN 206-500] Setting interface mode on port 'dft/real_in_7' to 'ap_memory'.
INFO: [RTGEN 206-500] Setting interface mode on port 'dft/imag_in_0' to 'ap_memory'.
INFO: [RTGEN 206-500] Setting interface mode on port 'dft/imag_in_1' to 'ap_memory'.
INFO: [RTGEN 206-500] Setting interface mode on port 'dft/imag_in_2' to 'ap_memory'.
INFO: [RTGEN 206-500] Setting interface mode on port 'dft/imag_in_3' to 'ap_memory'.
INFO: [RTGEN 206-500] Setting interface mode on port 'dft/imag_in_4' to 'ap_memory'.
INFO: [RTGEN 206-500] Setting interface mode on port 'dft/imag_in_5' to 'ap_memory'.
INFO: [RTGEN 206-500] Setting interface mode on port 'dft/imag_in_6' to 'ap_memory'.
INFO: [RTGEN 206-500] Setting interface mode on port 'dft/imag_in_7' to 'ap_memory'.
INFO: [RTGEN 206-500] Setting interface mode on port 'dft/real_out_0' to 'ap_memory'.
INFO: [RTGEN 206-500] Setting interface mode on port 'dft/real_out_1' to 'ap_memory'.
INFO: [RTGEN 206-500] Setting interface mode on port 'dft/real_out_2' to 'ap_memory'.
INFO: [RTGEN 206-500] Setting interface mode on port 'dft/real_out_3' to 'ap_memory'.
INFO: [RTGEN 206-500] Setting interface mode on port 'dft/real_out_4' to 'ap_memory'.
INFO: [RTGEN 206-500] Setting interface mode on port 'dft/real_out_5' to 'ap_memory'.
INFO: [RTGEN 206-500] Setting interface mode on port 'dft/real_out_6' to 'ap_memory'.
INFO: [RTGEN 206-500] Setting interface mode on port 'dft/real_out_7' to 'ap_memory'.
INFO: [RTGEN 206-500] Setting interface mode on port 'dft/imag_out_0' to 'ap_memory'.
INFO: [RTGEN 206-500] Setting interface mode on port 'dft/imag_out_1' to 'ap_memory'.
INFO: [RTGEN 206-500] Setting interface mode on port 'dft/imag_out_2' to 'ap_memory'.
INFO: [RTGEN 206-500] Setting interface mode on port 'dft/imag_out_3' to 'ap_memory'.
INFO: [RTGEN 206-500] Setting interface mode on port 'dft/imag_out_4' to 'ap_memory'.
INFO: [RTGEN 206-500] Setting interface mode on port 'dft/imag_out_5' to 'ap_memory'.
INFO: [RTGEN 206-500] Setting interface mode on port 'dft/imag_out_6' to 'ap_memory'.
INFO: [RTGEN 206-500] Setting interface mode on port 'dft/imag_out_7' to 'ap_memory'.
INFO: [RTGEN 206-500] Setting interface mode on function 'dft' to 'ap_ctrl_hs'.
INFO: [RTGEN 206-100] Finished creating RTL model for 'dft'.
INFO: [HLS 200-111] Finished Creating RTL model: CPU user time: 0.17 seconds. CPU system time: 0.02 seconds. Elapsed time: 0.19 seconds; current allocated memory: 323.867 MB.
INFO: [HLS 200-111] Finished Generating all RTL models: CPU user time: 0.28 seconds. CPU system time: 0.04 seconds. Elapsed time: 0.31 seconds; current allocated memory: 327.703 MB.
INFO: [HLS 200-111] Finished Updating report files: CPU user time: 1.7 seconds. CPU system time: 0.02 seconds. Elapsed time: 1.72 seconds; current allocated memory: 345.664 MB.
INFO: [VHDL 208-304] Generating VHDL RTL for dft.
INFO: [VLOG 209-307] Generating Verilog RTL for dft.
INFO: [HLS 200-790] **** Loop Constraint Status: All loop constraints were satisfied.
INFO: [HLS 200-789] **** Estimated Fmax: 90.43 MHz
INFO: [HLS 200-111] Finished Command csynth_design CPU user time: 6.61 seconds. CPU system time: 1 seconds. Elapsed time: 7.61 seconds; current allocated memory: 131.340 MB.
INFO: [HLS 200-112] Total CPU user time: 7.36 seconds. Total CPU system time: 1.14 seconds. Total elapsed time: 18.41 seconds; peak allocated memory: 345.664 MB.
